<?xml version="1.0" encoding="UTF-8"?>
<testsuite name="com.ubs.opsit.interviews.TimePartTest" tests="7" skipped="0" failures="0" errors="0" timestamp="2018-05-08T20:34:57" hostname="CoolDeep" time="0.008">
  <properties/>
  <testcase name="testWhenInputTimeValueIsNotValid" classname="com.ubs.opsit.interviews.TimePartTest" time="0.0"/>
  <testcase name="testForValidTime" classname="com.ubs.opsit.interviews.TimePartTest" time="0.0"/>
  <testcase name="testWhenInputTimeFormatIsNotValid" classname="com.ubs.opsit.interviews.TimePartTest" time="0.0"/>
  <testcase name="testForOutOfRangeHour" classname="com.ubs.opsit.interviews.TimePartTest" time="0.0"/>
  <testcase name="testForOutOfRangeMinutes" classname="com.ubs.opsit.interviews.TimePartTest" time="0.001"/>
  <testcase name="testForZeroTime" classname="com.ubs.opsit.interviews.TimePartTest" time="0.0"/>
  <testcase name="testForOutOfRangeSeconds" classname="com.ubs.opsit.interviews.TimePartTest" time="0.006"/>
  <system-out><![CDATA[]]></system-out>
  <system-err><![CDATA[]]></system-err>
</testsuite>
